MPASM  5.33                         POMPE.ASM   1-10-2016  3:46:05         PAGE  1


LOC  OBJECT CODE     LINE SOURCE TEXT
  VALUE

                      00001 
Warning[205]: Found directive in column 1. (list)
                      00002 list p=16F887
                      00003 #include <p16F887.inc>
                      00001         LIST
                      00002 ; P16F887.INC  Standard Header File, Version 1.00    Microchip Technology, Inc.
                      00617         LIST
Warning[205]: Found directive in column 1. (__CONFIG)
2007   28FF           00004 __CONFIG    _CONFIG1, _LVP_OFF & _FCMEN_ON & _IESO_OFF & _BOR_OFF & _CPD_OFF
Warning[205]: Found directive in column 1. (__CONFIG)
2008   3EE4           00005 __CONFIG    _CONFIG2, _WRT_OFF & _BOR21V & _CP_OFF & _MCLRE_ON & _PWRTE_ON & _WDT_OFF & _INTRC_OSC_NOCLK
                            OUT 
                      00006 
                      00007 
                      00008 
                      00009 ;------ configuration des port -------
                      00010 
Warning[205]: Found directive in column 1. (ORG)
                      00011 ORG 0x00           ; debut du prog
Warning[205]: Found directive in column 1. (BANKSEL)
0000   1683 1303      00012 BANKSEL OSCCON     ;definition de l'oscilateur soit interne soit externe ici on utilise l'externe
Warning[203]: Found opcode in column 1. (BCF)
Message[302]: Register in operand not in bank 0.  Ensure that bank bits are correct.
0002   100F           00013 BCF OSCCON ,0      ;oscilateur exterene
Warning[205]: Found directive in column 1. (BANKSEL)
0003   1683 1703      00014 BANKSEL ANSEL      ;selection du bank ou se trouve le resistre ANSEL pour la definition des mode de port
                             soit numerique soit analogique 
Warning[203]: Found opcode in column 1. (CLRF)
Message[302]: Register in operand not in bank 0.  Ensure that bank bits are correct.
0005   0188           00015 CLRF ANSEL         ;les entree I:O en mode numérique 
Warning[203]: Found opcode in column 1. (CLRF)
Message[302]: Register in operand not in bank 0.  Ensure that bank bits are correct.
0006   0189           00016 CLRF ANSELH        ;tt les port sont en mode numérique
Warning[205]: Found directive in column 1. (BANKSEL)
0007   1683 1303      00017 BANKSEL TRISB      ;selection du bank ou se trouve le registe trisb
Warning[203]: Found opcode in column 1. (CLRF)
Message[302]: Register in operand not in bank 0.  Ensure that bank bits are correct.
0009   0186           00018 CLRF TRISB         ; le port b en mode OUTPUT
Warning[205]: Found directive in column 1. (BANKSEL)
000A   1683 1303      00019 BANKSEL TRISA      ;selection du bank ou se trouve le registe trisA
Warning[203]: Found opcode in column 1. (MOVLW)
000C   30FF           00020 MOVLW 0xFF  ;
Warning[203]: Found opcode in column 1. (MOVWF)
Message[302]: Register in operand not in bank 0.  Ensure that bank bits are correct.
000D   0085           00021 MOVWF TRISA        ;trisA EN MODE INPUT
Warning[205]: Found directive in column 1. (BANKSEL)
000E   1283 1303      00022 BANKSEL PORTB      ;selection du bank ou se trouve le registe PORTB
Warning[203]: Found opcode in column 1. (CLRF)
0010   0186           00023 CLRF PORTB         ;mettre en raz le mortB
                      00024 
                      00025 ;------- PGM principale --------
                      00026 
0011                  00027 START
MPASM  5.33                         POMPE.ASM   1-10-2016  3:46:05         PAGE  2


LOC  OBJECT CODE     LINE SOURCE TEXT
  VALUE

0011   1C05           00028       BTFSS PORTA,0
0012   2???           00029       GOTO START
0013   1C85           00030       BTFSS PORTA,1
0014   2???           00031       GOTO P1ON
0015   1D05           00032       BTFSS PORTA,2
0016   2???           00033       GOTO P2ON
0017   1D85           00034       BTFSS PORTA,3
0018   2???           00035       GOTO P3ON
0019   2???           00036       GOTO P4ON
                      00037 ;------- OUVERTURE DES INTERUP
001A                  00038 P1ON
001A   3011           00039      MOVLW B'00010001'
001B   0086           00040      MOVWF PORTB  ; P1 ON
001C   2???           00041      CALL  NTB
                      00042      
001D                  00043 P2ON
001D   3033           00044      MOVLW B'00110011'
001E   0086           00045      MOVWF PORTB  ; P1,P2 ON
001F   2???           00046      CALL  NB
0020                  00047 P3ON
0020   3077           00048      MOVLW B'01110111'
0021   0086           00049      MOVWF PORTB  ; P1,P2,P3 ON
0022   2???           00050      CALL  NH 
0023                  00051 P4ON
0023   30FF           00052      MOVLW B'11111111'
0024   0086           00053      MOVWF PORTB  ; P1,P2,P3,P4 ON
0025   2???           00054      CALL  NTH 
                      00055 
                      00056 
                      00057 ;----- TEST PR LA FERMETURE
                      00058 
0026                  00059 NTB 
0026   1C05           00060      BTFSS PORTA,0
0027   2???           00061      goto  P1OFF
0028   2???           00062      GOTO  NTB
                      00063 
0029                  00064 NB 
0029   1C85           00065      BTFSS PORTA,1
002A   2???           00066      GOTO  P2OFF
002B   2???           00067      GOTO  NB
                      00068 
002C                  00069 NH
002C   1D05           00070      BTFSS PORTA,2
002D   2???           00071      GOTO  P3OFF
002E   2???           00072      GOTO  NH
                      00073 
002F                  00074 NTH
002F   1D85           00075      BTFSS PORTA,3
0030   2???           00076      GOTO  P4OFF
0031   2???           00077      GOTO  NTH
                      00078 
                      00079 ;------ LA FERMETTURE DES INTERP
0032                  00080 P1OFF 
MPASM  5.33                         POMPE.ASM   1-10-2016  3:46:05         PAGE  3


LOC  OBJECT CODE     LINE SOURCE TEXT
  VALUE

0032   3000           00081      MOVLW B'00000000'
0033   0086           00082      MOVWF PORTB  ; P1 OFF
0034   2???           00083      GOTO  START
0035                  00084 P2OFF 
0035   3011           00085      MOVLW B'00010001'
0036   0086           00086      MOVWF PORTB  ; P2 OFF
0037   2???           00087      GOTO  NTB
0038                  00088 P3OFF 
0038   3033           00089      MOVLW B'00110011'
0039   0086           00090      MOVWF PORTB  ; P3 OFF
003A   2???           00091      GOTO  NB
                      00092 
003B                  00093 P4OFF 
003B   3077           00094      MOVLW B'01110111'
003C   0086           00095      MOVWF PORTB  ; P4 OFF
003D   2???           00096      GOTO  NH
                      00097 
Warning[205]: Found directive in column 1. (END)
28FF 3EE4             00098 END
MPASM  5.33                         POMPE.ASM   1-10-2016  3:46:05         PAGE  4


SYMBOL TABLE
  LABEL                             VALUE 

ABDEN                             00000000
ABDOVF                            00000007
ACKDT                             00000005
ACKEN                             00000004
ACKSTAT                           00000006
ADCON0                            0000001F
ADCON1                            0000009F
ADCS0                             00000006
ADCS1                             00000007
ADDEN                             00000003
ADFM                              00000007
ADIE                              00000006
ADIF                              00000006
ADON                              00000000
ADRESH                            0000001E
ADRESL                            0000009E
ANS0                              00000000
ANS1                              00000001
ANS10                             00000002
ANS11                             00000003
ANS12                             00000004
ANS13                             00000005
ANS2                              00000002
ANS3                              00000003
ANS4                              00000004
ANS5                              00000005
ANS6                              00000006
ANS7                              00000007
ANS8                              00000000
ANS9                              00000001
ANSEL                             00000188
ANSELH                            00000189
BAUDCTL                           00000187
BCLIE                             00000003
BCLIF                             00000003
BF                                00000000
BRG0                              00000000
BRG1                              00000001
BRG10                             00000002
BRG11                             00000003
BRG12                             00000004
BRG13                             00000005
BRG14                             00000006
BRG15                             00000007
BRG16                             00000003
BRG2                              00000002
BRG3                              00000003
BRG4                              00000004
BRG5                              00000005
BRG6                              00000006
BRG7                              00000007
BRG8                              00000000
BRG9                              00000001
MPASM  5.33                         POMPE.ASM   1-10-2016  3:46:05         PAGE  5


SYMBOL TABLE
  LABEL                             VALUE 

BRGH                              00000002
C                                 00000000
C1CH0                             00000000
C1CH1                             00000001
C1IE                              00000005
C1IF                              00000005
C1OE                              00000005
C1ON                              00000007
C1OUT                             00000006
C1POL                             00000004
C1R                               00000002
C1RSEL                            00000005
C1SEN                             00000005
C2CH0                             00000000
C2CH1                             00000001
C2IE                              00000006
C2IF                              00000006
C2OE                              00000005
C2ON                              00000007
C2OUT                             00000006
C2POL                             00000004
C2R                               00000002
C2REN                             00000004
C2RSEL                            00000004
C2SYNC                            00000000
CCP1CON                           00000017
CCP1IE                            00000002
CCP1IF                            00000002
CCP1M0                            00000000
CCP1M1                            00000001
CCP1M2                            00000002
CCP1M3                            00000003
CCP1X                             00000005
CCP1Y                             00000004
CCP2CON                           0000001D
CCP2IE                            00000000
CCP2IF                            00000000
CCP2M0                            00000000
CCP2M1                            00000001
CCP2M2                            00000002
CCP2M3                            00000003
CCP2X                             00000005
CCP2Y                             00000004
CCPR1H                            00000016
CCPR1L                            00000015
CCPR2H                            0000001C
CCPR2L                            0000001B
CHS0                              00000002
CHS1                              00000003
CHS2                              00000004
CHS3                              00000005
CKE                               00000006
CKP                               00000004
MPASM  5.33                         POMPE.ASM   1-10-2016  3:46:05         PAGE  6


SYMBOL TABLE
  LABEL                             VALUE 

CM1CON0                           00000107
CM2CON0                           00000108
CM2CON1                           00000109
CREN                              00000004
CSRC                              00000007
D                                 00000005
DATA_ADDRESS                      00000005
DC                                00000001
DC1B0                             00000004
DC1B1                             00000005
DC2B0                             00000004
DC2B1                             00000005
D_A                               00000005
ECCPAS                            0000009C
ECCPAS0                           00000004
ECCPAS1                           00000005
ECCPAS2                           00000006
ECCPASE                           00000007
EEADR                             0000010D
EEADRH                            0000010F
EECON1                            0000018C
EECON2                            0000018D
EEDAT                             0000010C
EEDATA                            0000010C
EEDATH                            0000010E
EEIE                              00000004
EEIF                              00000004
EEPGD                             00000007
F                                 00000001
FERR                              00000002
FSR                               00000004
FVREN                             00000000
GCEN                              00000007
GIE                               00000007
GO                                00000001
GO_DONE                           00000001
HTS                               00000002
I2C_DATA                          00000005
I2C_READ                          00000002
I2C_START                         00000003
I2C_STOP                          00000004
INDF                              00000000
INTCON                            0000000B
INTE                              00000004
INTEDG                            00000006
INTF                              00000001
IOCB                              00000096
IOCB0                             00000000
IOCB1                             00000001
IOCB2                             00000002
IOCB3                             00000003
IOCB4                             00000004
IOCB5                             00000005
MPASM  5.33                         POMPE.ASM   1-10-2016  3:46:05         PAGE  7


SYMBOL TABLE
  LABEL                             VALUE 

IOCB6                             00000006
IOCB7                             00000007
IRCF0                             00000004
IRCF1                             00000005
IRCF2                             00000006
IRP                               00000007
LTS                               00000001
MC1OUT                            00000007
MC2OUT                            00000006
MSK                               00000093
NB                                00000029
NH                                0000002C
NOT_A                             00000005
NOT_ADDRESS                       00000005
NOT_BO                            00000000
NOT_BOR                           00000000
NOT_DONE                          00000001
NOT_PD                            00000003
NOT_POR                           00000001
NOT_RBPU                          00000007
NOT_RC8                           00000006
NOT_T1SYNC                        00000002
NOT_TO                            00000004
NOT_TX8                           00000006
NOT_W                             00000002
NOT_WRITE                         00000002
NTB                               00000026
NTH                               0000002F
OERR                              00000001
OPTION_REG                        00000081
OSCCON                            0000008F
OSCTUNE                           00000090
OSFIE                             00000007
OSFIF                             00000007
OSTS                              00000003
P                                 00000004
P1M0                              00000006
P1M1                              00000007
P1OFF                             00000032
P1ON                              0000001A
P2OFF                             00000035
P2ON                              0000001D
P3OFF                             00000038
P3ON                              00000020
P4OFF                             0000003B
P4ON                              00000023
PCL                               00000002
PCLATH                            0000000A
PCON                              0000008E
PDC0                              00000000
PDC1                              00000001
PDC2                              00000002
PDC3                              00000003
MPASM  5.33                         POMPE.ASM   1-10-2016  3:46:05         PAGE  8


SYMBOL TABLE
  LABEL                             VALUE 

PDC4                              00000004
PDC5                              00000005
PDC6                              00000006
PEIE                              00000006
PEN                               00000002
PIE1                              0000008C
PIE2                              0000008D
PIR1                              0000000C
PIR2                              0000000D
PORTA                             00000005
PORTB                             00000006
PORTC                             00000007
PORTD                             00000008
PORTE                             00000009
PR2                               00000092
PRSEN                             00000007
PS0                               00000000
PS1                               00000001
PS2                               00000002
PSA                               00000003
PSSAC0                            00000002
PSSAC1                            00000003
PSSBD0                            00000000
PSSBD1                            00000001
PSTRCON                           0000009D
PULSR                             00000002
PULSS                             00000003
PWM1CON                           0000009B
R                                 00000002
RBIE                              00000003
RBIF                              00000000
RC8_9                             00000006
RC9                               00000006
RCD8                              00000000
RCEN                              00000003
RCIDL                             00000006
RCIE                              00000005
RCIF                              00000005
RCREG                             0000001A
RCSTA                             00000018
RD                                00000000
READ_WRITE                        00000002
RP0                               00000005
RP1                               00000006
RSEN                              00000001
RX9                               00000006
RX9D                              00000000
R_W                               00000002
S                                 00000003
SBOREN                            00000004
SCKP                              00000004
SCS                               00000000
SEN                               00000000
MPASM  5.33                         POMPE.ASM   1-10-2016  3:46:05         PAGE  9


SYMBOL TABLE
  LABEL                             VALUE 

SENDB                             00000003
SMP                               00000007
SPBRG                             00000099
SPBRGH                            0000009A
SPEN                              00000007
SR0                               00000006
SR1                               00000007
SRCON                             00000185
SREN                              00000005
SSPADD                            00000093
SSPBUF                            00000013
SSPCON                            00000014
SSPCON2                           00000091
SSPEN                             00000005
SSPIE                             00000003
SSPIF                             00000003
SSPM0                             00000000
SSPM1                             00000001
SSPM2                             00000002
SSPM3                             00000003
SSPMSK                            00000093
SSPOV                             00000006
SSPSTAT                           00000094
START                             00000011
STATUS                            00000003
STRA                              00000000
STRB                              00000001
STRC                              00000002
STRD                              00000003
STRSYNC                           00000004
SWDTEN                            00000000
SYNC                              00000004
T0CS                              00000005
T0IE                              00000005
T0IF                              00000002
T0SE                              00000004
T1CKPS0                           00000004
T1CKPS1                           00000005
T1CON                             00000010
T1GIV                             00000007
T1GSS                             00000001
T1INSYNC                          00000002
T1OSCEN                           00000003
T1SYNC                            00000002
T2CKPS0                           00000000
T2CKPS1                           00000001
T2CON                             00000012
TMR0                              00000001
TMR0IE                            00000005
TMR0IF                            00000002
TMR1CS                            00000001
TMR1GE                            00000006
TMR1H                             0000000F
MPASM  5.33                         POMPE.ASM   1-10-2016  3:46:05         PAGE 10


SYMBOL TABLE
  LABEL                             VALUE 

TMR1IE                            00000000
TMR1IF                            00000000
TMR1L                             0000000E
TMR1ON                            00000000
TMR2                              00000011
TMR2IE                            00000001
TMR2IF                            00000001
TMR2ON                            00000002
TOUTPS0                           00000003
TOUTPS1                           00000004
TOUTPS2                           00000005
TOUTPS3                           00000006
TRISA                             00000085
TRISB                             00000086
TRISC                             00000087
TRISD                             00000088
TRISE                             00000089
TRMT                              00000001
TUN0                              00000000
TUN1                              00000001
TUN2                              00000002
TUN3                              00000003
TUN4                              00000004
TX8_9                             00000006
TX9                               00000006
TX9D                              00000000
TXD8                              00000000
TXEN                              00000005
TXIE                              00000004
TXIF                              00000004
TXREG                             00000019
TXSTA                             00000098
UA                                00000001
ULPWUE                            00000005
ULPWUIE                           00000002
ULPWUIF                           00000002
VCFG0                             00000004
VCFG1                             00000005
VR0                               00000000
VR1                               00000001
VR2                               00000002
VR3                               00000003
VRCON                             00000097
VREN                              00000007
VROE                              00000006
VRR                               00000005
VRSS                              00000004
W                                 00000000
WCOL                              00000007
WDTCON                            00000105
WDTPS0                            00000001
WDTPS1                            00000002
WDTPS2                            00000003
MPASM  5.33                         POMPE.ASM   1-10-2016  3:46:05         PAGE 11


SYMBOL TABLE
  LABEL                             VALUE 

WDTPS3                            00000004
WPUB                              00000095
WPUB0                             00000000
WPUB1                             00000001
WPUB2                             00000002
WPUB3                             00000003
WPUB4                             00000004
WPUB5                             00000005
WPUB6                             00000006
WPUB7                             00000007
WR                                00000001
WREN                              00000002
WRERR                             00000003
WUE                               00000001
Z                                 00000002
_BOR21V                           00003EFF
_BOR40V                           00003FFF
_BOR_NSLEEP                       00003EFF
_BOR_OFF                          00003CFF
_BOR_ON                           00003FFF
_BOR_SBODEN                       00003DFF
_CONFIG1                          00002007
_CONFIG2                          00002008
_CPD_OFF                          00003FFF
_CPD_ON                           00003F7F
_CP_OFF                           00003FFF
_CP_ON                            00003FBF
_DEBUG_OFF                        00003FFF
_DEBUG_ON                         00001FFF
_EC_OSC                           00003FFB
_EXTRC                            00003FFF
_EXTRCIO                          00003FFE
_EXTRC_OSC_CLKOUT                 00003FFF
_EXTRC_OSC_NOCLKOUT               00003FFE
_FCMEN_OFF                        000037FF
_FCMEN_ON                         00003FFF
_HS_OSC                           00003FFA
_IESO_OFF                         00003BFF
_IESO_ON                          00003FFF
_INTOSC                           00003FFD
_INTOSCIO                         00003FFC
_INTRC_OSC_CLKOUT                 00003FFD
_INTRC_OSC_NOCLKOUT               00003FFC
_LP_OSC                           00003FF8
_LVP_OFF                          00002FFF
_LVP_ON                           00003FFF
_MCLRE_OFF                        00003FDF
_MCLRE_ON                         00003FFF
_PWRTE_OFF                        00003FFF
_PWRTE_ON                         00003FEF
_WDT_OFF                          00003FF7
_WDT_ON                           00003FFF
_WRT_1FOURTH                      00003BFF
MPASM  5.33                         POMPE.ASM   1-10-2016  3:46:05         PAGE 12


SYMBOL TABLE
  LABEL                             VALUE 

_WRT_256                          00003DFF
_WRT_HALF                         000039FF
_WRT_OFF                          00003FFF
_XT_OSC                           00003FF9
__16F887                          00000001
__DEBUG                           1

Errors   :     0
Warnings :    17 reported,     0 suppressed
Messages :     5 reported,     0 suppressed

